Exception on /g/55/m/1/ [GET]
Traceback (most recent call last):
  File "/home/m/.virtualenvs/tealeaf-flask/local/lib/python2.7/site-packages/flask/app.py", line 1817, in wsgi_app
    response = self.full_dispatch_request()
  File "/home/m/.virtualenvs/tealeaf-flask/local/lib/python2.7/site-packages/flask/app.py", line 1477, in full_dispatch_request
    rv = self.handle_user_exception(e)
  File "/home/m/.virtualenvs/tealeaf-flask/local/lib/python2.7/site-packages/flask/app.py", line 1381, in handle_user_exception
    reraise(exc_type, exc_value, tb)
  File "/home/m/.virtualenvs/tealeaf-flask/local/lib/python2.7/site-packages/flask/app.py", line 1475, in full_dispatch_request
    rv = self.dispatch_request()
  File "/home/m/.virtualenvs/tealeaf-flask/local/lib/python2.7/site-packages/flask/app.py", line 1461, in dispatch_request
    return self.view_functions[rule.endpoint](**req.view_args)
  File "/home/m/.virtualenvs/tealeaf-flask/local/lib/python2.7/site-packages/flask/views.py", line 84, in view
    return self.dispatch_request(*args, **kwargs)
  File "/home/m/PycharmProjects/tealeaf-flask/app/university/controllers.py", line 72, in dispatch_request
    disciplines=disciplines.all(),
  File "/home/m/.virtualenvs/tealeaf-flask/local/lib/python2.7/site-packages/flask/templating.py", line 128, in render_template
    context, ctx.app)
  File "/home/m/.virtualenvs/tealeaf-flask/local/lib/python2.7/site-packages/flask/templating.py", line 110, in _render
    rv = template.render(context)
  File "/home/m/.virtualenvs/tealeaf-flask/local/lib/python2.7/site-packages/jinja2/environment.py", line 969, in render
    return self.environment.handle_exception(exc_info, True)
  File "/home/m/.virtualenvs/tealeaf-flask/local/lib/python2.7/site-packages/jinja2/environment.py", line 742, in handle_exception
    reraise(exc_type, exc_value, tb)
  File "/home/m/PycharmProjects/tealeaf-flask/app/templates/university/group.html", line 1, in top-level template code
    {% extends "base.html" %}
  File "/home/m/PycharmProjects/tealeaf-flask/app/templates/base.html", line 15, in top-level template code
    {% block scripts_top %}{% endblock %}
  File "/home/m/PycharmProjects/tealeaf-flask/app/templates/university/group.html", line 3, in block "scripts_top"
    {% assets filters="jsmin", output="build/scripts/university/group.js",
  File "/home/m/.virtualenvs/tealeaf-flask/local/lib/python2.7/site-packages/webassets/ext/jinja2.py", line 186, in _render_assets
    urls = bundle.urls()
  File "/home/m/.virtualenvs/tealeaf-flask/local/lib/python2.7/site-packages/webassets/bundle.py", line 787, in urls
    urls.extend(bundle._urls(new_ctx, extra_filters, *args, **kwargs))
  File "/home/m/.virtualenvs/tealeaf-flask/local/lib/python2.7/site-packages/webassets/bundle.py", line 747, in _urls
    return [self._make_output_url(ctx)]
  File "/home/m/.virtualenvs/tealeaf-flask/local/lib/python2.7/site-packages/webassets/bundle.py", line 704, in _make_output_url
    version = self.get_version(ctx, refresh=ctx.auto_build)
  File "/home/m/.virtualenvs/tealeaf-flask/local/lib/python2.7/site-packages/webassets/bundle.py", line 305, in get_version
    version = ctx.versions.determine_version(self, ctx)
  File "/home/m/.virtualenvs/tealeaf-flask/local/lib/python2.7/site-packages/webassets/version.py", line 166, in determine_version
    hasher.update(hunk.data().encode('utf-8'))
  File "/home/m/.virtualenvs/tealeaf-flask/local/lib/python2.7/site-packages/webassets/merge.py", line 77, in data
    f = open(self.filename, 'r', encoding='utf-8')
IOError: [Errno 2] No such file or directory: '/home/m/PycharmProjects/tealeaf-flask/app/static/build/scripts/university/group.js'
Exception on /g/55/m/1/ [GET]
Traceback (most recent call last):
  File "/home/m/.virtualenvs/tealeaf-flask/local/lib/python2.7/site-packages/flask/app.py", line 1817, in wsgi_app
    response = self.full_dispatch_request()
  File "/home/m/.virtualenvs/tealeaf-flask/local/lib/python2.7/site-packages/flask/app.py", line 1477, in full_dispatch_request
    rv = self.handle_user_exception(e)
  File "/home/m/.virtualenvs/tealeaf-flask/local/lib/python2.7/site-packages/flask/app.py", line 1381, in handle_user_exception
    reraise(exc_type, exc_value, tb)
  File "/home/m/.virtualenvs/tealeaf-flask/local/lib/python2.7/site-packages/flask/app.py", line 1475, in full_dispatch_request
    rv = self.dispatch_request()
  File "/home/m/.virtualenvs/tealeaf-flask/local/lib/python2.7/site-packages/flask/app.py", line 1461, in dispatch_request
    return self.view_functions[rule.endpoint](**req.view_args)
  File "/home/m/.virtualenvs/tealeaf-flask/local/lib/python2.7/site-packages/flask/views.py", line 84, in view
    return self.dispatch_request(*args, **kwargs)
  File "/home/m/PycharmProjects/tealeaf-flask/app/university/controllers.py", line 72, in dispatch_request
    disciplines=disciplines.all(),
  File "/home/m/.virtualenvs/tealeaf-flask/local/lib/python2.7/site-packages/flask/templating.py", line 128, in render_template
    context, ctx.app)
  File "/home/m/.virtualenvs/tealeaf-flask/local/lib/python2.7/site-packages/flask/templating.py", line 110, in _render
    rv = template.render(context)
  File "/home/m/.virtualenvs/tealeaf-flask/local/lib/python2.7/site-packages/jinja2/environment.py", line 969, in render
    return self.environment.handle_exception(exc_info, True)
  File "/home/m/.virtualenvs/tealeaf-flask/local/lib/python2.7/site-packages/jinja2/environment.py", line 742, in handle_exception
    reraise(exc_type, exc_value, tb)
  File "/home/m/PycharmProjects/tealeaf-flask/app/templates/university/group.html", line 1, in top-level template code
    {% extends "base.html" %}
  File "/home/m/PycharmProjects/tealeaf-flask/app/templates/base.html", line 15, in top-level template code
    {% block scripts_top %}{% endblock %}
  File "/home/m/PycharmProjects/tealeaf-flask/app/templates/university/group.html", line 3, in block "scripts_top"
    {% assets filters="jsmin", output="build/scripts/university/group.js",
  File "/home/m/.virtualenvs/tealeaf-flask/local/lib/python2.7/site-packages/webassets/ext/jinja2.py", line 186, in _render_assets
    urls = bundle.urls()
  File "/home/m/.virtualenvs/tealeaf-flask/local/lib/python2.7/site-packages/webassets/bundle.py", line 787, in urls
    urls.extend(bundle._urls(new_ctx, extra_filters, *args, **kwargs))
  File "/home/m/.virtualenvs/tealeaf-flask/local/lib/python2.7/site-packages/webassets/bundle.py", line 747, in _urls
    return [self._make_output_url(ctx)]
  File "/home/m/.virtualenvs/tealeaf-flask/local/lib/python2.7/site-packages/webassets/bundle.py", line 704, in _make_output_url
    version = self.get_version(ctx, refresh=ctx.auto_build)
  File "/home/m/.virtualenvs/tealeaf-flask/local/lib/python2.7/site-packages/webassets/bundle.py", line 305, in get_version
    version = ctx.versions.determine_version(self, ctx)
  File "/home/m/.virtualenvs/tealeaf-flask/local/lib/python2.7/site-packages/webassets/version.py", line 166, in determine_version
    hasher.update(hunk.data().encode('utf-8'))
  File "/home/m/.virtualenvs/tealeaf-flask/local/lib/python2.7/site-packages/webassets/merge.py", line 77, in data
    f = open(self.filename, 'r', encoding='utf-8')
IOError: [Errno 2] No such file or directory: '/home/m/PycharmProjects/tealeaf-flask/app/static/build/scripts/university/group.js'
